0 info it worked if it ends with ok
1 verbose cli [ '/usr/bin/node', '/usr/bin/npm', 'install', '-g', 'browserify' ]
2 info using npm@1.4.21
3 info using node@v0.10.30
4 verbose node symlink /usr/bin/node
5 verbose cache add [ 'browserify', null ]
6 verbose cache add name=undefined spec="browserify" args=["browserify",null]
7 verbose parsed url { protocol: null,
7 verbose parsed url   slashes: null,
7 verbose parsed url   auth: null,
7 verbose parsed url   host: null,
7 verbose parsed url   port: null,
7 verbose parsed url   hostname: null,
7 verbose parsed url   hash: null,
7 verbose parsed url   search: null,
7 verbose parsed url   query: null,
7 verbose parsed url   pathname: 'browserify',
7 verbose parsed url   path: 'browserify',
7 verbose parsed url   href: 'browserify' }
8 silly lockFile 84c1c54e-browserify browserify
9 verbose lock browserify /home/slshome/.npm/84c1c54e-browserify.lock
10 silly lockFile 84c1c54e-browserify browserify
11 silly lockFile 84c1c54e-browserify browserify
12 verbose addNamed [ 'browserify', '' ]
13 verbose addNamed [ null, '*' ]
14 silly lockFile 80140245-browserify browserify@
15 verbose lock browserify@ /home/slshome/.npm/80140245-browserify.lock
16 silly addNameRange { name: 'browserify', range: '*', hasData: false }
17 verbose request where is /browserify
18 verbose request registry https://registry.npmjs.org/
19 verbose request id 2b10536a3469e43d
20 verbose url raw /browserify
21 verbose url resolving [ 'https://registry.npmjs.org/', './browserify' ]
22 verbose url resolved https://registry.npmjs.org/browserify
23 verbose request where is https://registry.npmjs.org/browserify
24 info trying registry request attempt 1 at 00:22:21
25 http GET https://registry.npmjs.org/browserify
26 http 200 https://registry.npmjs.org/browserify
27 silly registry.get cb [ 200,
27 silly registry.get   { date: 'Wed, 20 Aug 2014 15:22:22 GMT',
27 silly registry.get     server: 'CouchDB/1.5.0 (Erlang OTP/R16B03)',
27 silly registry.get     etag: '"77XRUY5DOXX2P4MN9BTNEG0BD"',
27 silly registry.get     'content-type': 'application/json',
27 silly registry.get     'cache-control': 'max-age=60',
27 silly registry.get     'content-length': '676797',
27 silly registry.get     'accept-ranges': 'bytes',
27 silly registry.get     via: '1.1 varnish',
27 silly registry.get     age: '2939',
27 silly registry.get     'x-served-by': 'cache-fra1232-FRA',
27 silly registry.get     'x-cache': 'HIT',
27 silly registry.get     'x-cache-hits': '3',
27 silly registry.get     'x-timer': 'S1408548142.245380,VS0,VE0',
27 silly registry.get     vary: 'Accept',
27 silly registry.get     'keep-alive': 'timeout=10, max=50',
27 silly registry.get     connection: 'Keep-Alive' } ]
28 silly addNameRange number 2 { name: 'browserify', range: '*', hasData: true }
29 silly addNameRange versions [ 'browserify',
29 silly addNameRange   [ '0.0.1',
29 silly addNameRange     '0.0.2',
29 silly addNameRange     '0.0.3',
29 silly addNameRange     '0.0.4',
29 silly addNameRange     '0.0.5',
29 silly addNameRange     '0.1.0',
29 silly addNameRange     '0.1.1',
29 silly addNameRange     '0.1.2',
29 silly addNameRange     '0.1.3',
29 silly addNameRange     '0.1.4',
29 silly addNameRange     '0.1.5',
29 silly addNameRange     '0.2.0',
29 silly addNameRange     '0.2.1',
29 silly addNameRange     '0.2.2',
29 silly addNameRange     '0.2.3',
29 silly addNameRange     '0.2.4',
29 silly addNameRange     '0.2.5',
29 silly addNameRange     '0.2.6',
29 silly addNameRange     '0.2.7',
29 silly addNameRange     '0.2.8',
29 silly addNameRange     '0.2.9',
29 silly addNameRange     '0.2.10',
29 silly addNameRange     '0.2.11',
29 silly addNameRange     '0.3.0',
29 silly addNameRange     '0.3.1',
29 silly addNameRange     '0.3.2',
29 silly addNameRange     '0.3.3',
29 silly addNameRange     '0.3.4',
29 silly addNameRange     '0.3.5',
29 silly addNameRange     '0.3.6',
29 silly addNameRange     '0.3.7',
29 silly addNameRange     '0.4.0',
29 silly addNameRange     '0.4.1',
29 silly addNameRange     '0.4.2',
29 silly addNameRange     '0.4.3',
29 silly addNameRange     '0.4.4',
29 silly addNameRange     '0.4.5',
29 silly addNameRange     '0.4.6',
29 silly addNameRange     '0.4.7',
29 silly addNameRange     '0.4.8',
29 silly addNameRange     '0.4.9',
29 silly addNameRange     '0.4.10',
29 silly addNameRange     '0.4.11',
29 silly addNameRange     '0.4.12',
29 silly addNameRange     '0.4.13',
29 silly addNameRange     '0.4.14',
29 silly addNameRange     '0.4.15',
29 silly addNameRange     '0.5.0',
29 silly addNameRange     '0.5.1',
29 silly addNameRange     '0.5.2',
29 silly addNameRange     '1.0.0',
29 silly addNameRange     '1.1.0',
29 silly addNameRange     '1.1.1',
29 silly addNameRange     '1.1.2',
29 silly addNameRange     '1.1.3',
29 silly addNameRange     '1.1.4',
29 silly addNameRange     '1.2.0',
29 silly addNameRange     '1.2.1',
29 silly addNameRange     '1.2.2',
29 silly addNameRange     '1.2.3',
29 silly addNameRange     '1.2.4',
29 silly addNameRange     '1.2.5',
29 silly addNameRange     '1.2.6',
29 silly addNameRange     '1.2.7',
29 silly addNameRange     '1.2.8',
29 silly addNameRange     '1.2.9',
29 silly addNameRange     '1.3.0',
29 silly addNameRange     '1.4.0',
29 silly addNameRange     '1.4.1',
29 silly addNameRange     '1.4.2',
29 silly addNameRange     '1.4.3',
29 silly addNameRange     '1.4.4',
29 silly addNameRange     '1.4.5',
29 silly addNameRange     '1.4.6',
29 silly addNameRange     '1.4.7',
29 silly addNameRange     '1.4.8',
29 silly addNameRange     '1.5.0',
29 silly addNameRange     '1.6.0',
29 silly addNameRange     '1.6.1',
29 silly addNameRange     '1.7.0',
29 silly addNameRange     '1.7.1',
29 silly addNameRange     '1.7.2',
29 silly addNameRange     '1.7.3',
29 silly addNameRange     '1.7.4',
29 silly addNameRange     '1.7.5',
29 silly addNameRange     '1.7.6',
29 silly addNameRange     '1.7.7',
29 silly addNameRange     '1.8.0',
29 silly addNameRange     '1.8.1',
29 silly addNameRange     '1.8.2',
29 silly addNameRange     '1.8.3',
29 silly addNameRange     '1.9.0',
29 silly addNameRange     '1.9.1',
29 silly addNameRange     '1.9.2',
29 silly addNameRange     '1.9.3',
29 silly addNameRange     '1.9.4',
29 silly addNameRange     '1.10.0',
29 silly addNameRange     '1.10.1',
29 silly addNameRange     '1.10.2',
29 silly addNameRange     '1.10.3',
29 silly addNameRange     '1.10.4',
29 silly addNameRange     '1.10.5',
29 silly addNameRange     '1.10.6',
29 silly addNameRange     '1.10.7',
29 silly addNameRange     '1.10.8',
29 silly addNameRange     '1.10.9',
29 silly addNameRange     '1.10.11',
29 silly addNameRange     '1.10.12',
29 silly addNameRange     '1.10.13',
29 silly addNameRange     '1.10.14',
29 silly addNameRange     '1.10.15',
29 silly addNameRange     '1.10.16',
29 silly addNameRange     '1.10.17',
29 silly addNameRange     '1.11.0',
29 silly addNameRange     '1.11.1',
29 silly addNameRange     '1.12.0',
29 silly addNameRange     '1.12.1',
29 silly addNameRange     '1.12.2',
29 silly addNameRange     '1.12.3',
29 silly addNameRange     '1.13.0',
29 silly addNameRange     '1.13.1',
29 silly addNameRange     '1.13.2',
29 silly addNameRange     '1.13.3',
29 silly addNameRange     '1.13.4',
29 silly addNameRange     '1.13.5',
29 silly addNameRange     '1.13.6',
29 silly addNameRange     '1.13.8',
29 silly addNameRange     '1.13.9',
29 silly addNameRange     '1.13.10',
29 silly addNameRange     '1.14.0',
29 silly addNameRange     '1.14.1',
29 silly addNameRange     '1.14.2',
29 silly addNameRange     '1.14.3',
29 silly addNameRange     '1.14.4',
29 silly addNameRange     '1.14.5',
29 silly addNameRange     '1.15.0',
29 silly addNameRange     '1.15.1',
29 silly addNameRange     '1.15.2',
29 silly addNameRange     '1.15.3',
29 silly addNameRange     '1.15.4',
29 silly addNameRange     '1.15.5',
29 silly addNameRange     '1.15.6',
29 silly addNameRange     '1.16.0',
29 silly addNameRange     '1.16.1',
29 silly addNameRange     '1.16.2',
29 silly addNameRange     '1.16.3',
29 silly addNameRange     '1.16.4',
29 silly addNameRange     '1.16.5',
29 silly addNameRange     '1.16.6',
29 silly addNameRange     '1.16.7',
29 silly addNameRange     '1.16.8',
29 silly addNameRange     '1.17.0',
29 silly addNameRange     '1.17.1',
29 silly addNameRange     '1.17.2',
29 silly addNameRange     '1.17.3',
29 silly addNameRange     '1.18.0',
29 silly addNameRange     '2.0.0',
29 silly addNameRange     '2.0.1',
29 silly addNameRange     '2.1.0',
29 silly addNameRange     '2.2.0',
29 silly addNameRange     '2.2.1',
29 silly addNameRange     '2.2.2',
29 silly addNameRange     '2.2.3',
29 silly addNameRange     '2.2.4',
29 silly addNameRange     '2.2.5',
29 silly addNameRange     '2.2.6',
29 silly addNameRange     '2.3.0',
29 silly addNameRange     '2.3.1',
29 silly addNameRange     '2.4.0',
29 silly addNameRange     '2.4.1',
29 silly addNameRange     '2.4.2',
29 silly addNameRange     '2.4.3',
29 silly addNameRange     '2.5.0',
29 silly addNameRange     '2.5.1',
29 silly addNameRange     '2.6.0',
29 silly addNameRange     '2.6.1',
29 silly addNameRange     '2.7.0',
29 silly addNameRange     '2.7.1',
29 silly addNameRange     '2.7.2',
29 silly addNameRange     '2.7.3',
29 silly addNameRange     '2.7.4',
29 silly addNameRange     '2.8.0',
29 silly addNameRange     '2.8.1',
29 silly addNameRange     '2.9.0',
29 silly addNameRange     '2.10.0',
29 silly addNameRange     '2.10.1',
29 silly addNameRange     '2.10.2',
29 silly addNameRange     '2.11.0',
29 silly addNameRange     '2.12.0',
29 silly addNameRange     '2.12.1',
29 silly addNameRange     '2.12.2',
29 silly addNameRange     '2.12.3',
29 silly addNameRange     '2.12.4',
29 silly addNameRange     '2.12.5',
29 silly addNameRange     '2.13.0',
29 silly addNameRange     '2.13.1',
29 silly addNameRange     '2.13.2',
29 silly addNameRange     '2.13.3',
29 silly addNameRange     '2.14.0',
29 silly addNameRange     '2.14.1',
29 silly addNameRange     '2.14.2',
29 silly addNameRange     '2.15.0',
29 silly addNameRange     '2.16.0',
29 silly addNameRange     '2.17.0',
29 silly addNameRange     '2.17.1',
29 silly addNameRange     '2.17.2',
29 silly addNameRange     '2.17.3',
29 silly addNameRange     '2.17.4',
29 silly addNameRange     '2.18.0',
29 silly addNameRange     '2.18.1',
29 silly addNameRange     '2.19.0',
29 silly addNameRange     '2.20.0',
29 silly addNameRange     '2.20.1',
29 silly addNameRange     '2.20.2',
29 silly addNameRange     '2.21.0',
29 silly addNameRange     '2.22.0',
29 silly addNameRange     '2.23.0',
29 silly addNameRange     '2.23.1',
29 silly addNameRange     '2.24.0',
29 silly addNameRange     '2.24.1',
29 silly addNameRange     '2.24.2',
29 silly addNameRange     '2.24.3',
29 silly addNameRange     '2.25.0',
29 silly addNameRange     '2.25.1',
29 silly addNameRange     '2.26.0',
29 silly addNameRange     '2.27.0',
29 silly addNameRange     '2.27.1',
29 silly addNameRange     '2.28.0',
29 silly addNameRange     '2.29.0',
29 silly addNameRange     '2.29.1',
29 silly addNameRange     '2.30.0',
29 silly addNameRange     '2.31.0',
29 silly addNameRange     '2.32.0',
29 silly addNameRange     '2.32.1',
29 silly addNameRange     '2.32.2',
29 silly addNameRange     '2.32.3',
29 silly addNameRange     '2.32.4',
29 silly addNameRange     '2.33.0',
29 silly addNameRange     '2.33.1',
29 silly addNameRange     '2.34.0',
29 silly addNameRange     '2.34.1',
29 silly addNameRange     '2.34.2',
29 silly addNameRange     '2.34.3',
29 silly addNameRange     '2.35.0',
29 silly addNameRange     '2.35.1',
29 silly addNameRange     '2.35.2',
29 silly addNameRange     '2.35.3',
29 silly addNameRange     '2.35.4',
29 silly addNameRange     '2.36.0',
29 silly addNameRange     '2.36.1',
29 silly addNameRange     '3.0.0',
29 silly addNameRange     '3.1.0',
29 silly addNameRange     '3.1.1',
29 silly addNameRange     '3.1.2',
29 silly addNameRange     '3.1.3',
29 silly addNameRange     '3.2.0',
29 silly addNameRange     '3.2.1',
29 silly addNameRange     '3.2.2',
29 silly addNameRange     '3.3.0',
29 silly addNameRange     '3.4.0',
29 silly addNameRange     '3.4.1',
29 silly addNameRange     '3.5.0',
29 silly addNameRange     '3.6.0',
29 silly addNameRange     '3.7.0',
29 silly addNameRange     '3.8.0',
29 silly addNameRange     '3.8.1',
29 silly addNameRange     '3.9.0',
29 silly addNameRange     '3.9.1',
29 silly addNameRange     '3.10.0',
29 silly addNameRange     '3.11.0',
29 silly addNameRange     '3.11.1',
29 silly addNameRange     '3.12.0',
29 silly addNameRange     '3.13.0',
29 silly addNameRange     '3.14.0',
29 silly addNameRange     '3.14.1',
29 silly addNameRange     '3.16.0',
29 silly addNameRange     '3.16.1',
29 silly addNameRange     '3.17.0',
29 silly addNameRange     '3.18.0',
29 silly addNameRange     '3.19.0',
29 silly addNameRange     '3.19.1',
29 silly addNameRange     '3.20.0',
29 silly addNameRange     '3.20.1',
29 silly addNameRange     '3.20.2',
29 silly addNameRange     '3.21.0',
29 silly addNameRange     '3.21.1',
29 silly addNameRange     '3.22.0',
29 silly addNameRange     '3.22.1',
29 silly addNameRange     '3.23.0',
29 silly addNameRange     '3.23.1',
29 silly addNameRange     '3.24.0',
29 silly addNameRange     '3.24.1',
29 silly addNameRange     '3.24.2',
29 silly addNameRange     '3.24.3',
29 silly addNameRange     '3.24.4',
29 silly addNameRange     '3.24.5',
29 silly addNameRange     '3.24.6',
29 silly addNameRange     '3.24.7',
29 silly addNameRange     '3.24.8',
29 silly addNameRange     '3.24.9',
29 silly addNameRange     '3.24.10',
29 silly addNameRange     '3.24.11',
29 silly addNameRange     '3.24.13',
29 silly addNameRange     '3.25.0',
29 silly addNameRange     '3.25.1',
29 silly addNameRange     '3.25.2',
29 silly addNameRange     '3.26.0',
29 silly addNameRange     '3.27.0',
29 silly addNameRange     '3.27.1',
29 silly addNameRange     '3.28.0',
29 silly addNameRange     '3.28.1',
29 silly addNameRange     '3.28.2',
29 silly addNameRange     '3.29.0',
29 silly addNameRange     '3.29.1',
29 silly addNameRange     '3.30.0',
29 silly addNameRange     '3.30.1',
29 silly addNameRange     '3.30.2',
29 silly addNameRange     '3.30.3',
29 silly addNameRange     '3.30.4',
29 silly addNameRange     '3.31.0',
29 silly addNameRange     '3.31.1',
29 silly addNameRange     '3.31.2',
29 silly addNameRange     '3.32.0',
29 silly addNameRange     '3.32.1',
29 silly addNameRange     '3.33.0',
29 silly addNameRange     '3.33.1',
29 silly addNameRange     '3.34.0',
29 silly addNameRange     '3.35.0',
29 silly addNameRange     '3.36.0',
29 silly addNameRange     '3.36.1',
29 silly addNameRange     '3.37.0',
29 silly addNameRange     '3.37.1',
29 silly addNameRange     '3.37.2',
29 silly addNameRange     '3.38.0',
29 silly addNameRange     '3.38.1',
29 silly addNameRange     '3.39.0',
29 silly addNameRange     '3.40.0',
29 silly addNameRange     '3.40.1',
29 silly addNameRange     '3.40.2',
29 silly addNameRange     '3.40.3',
29 silly addNameRange     '3.40.4',
29 silly addNameRange     '3.41.0',
29 silly addNameRange     '3.42.0',
29 silly addNameRange     '3.43.0',
29 silly addNameRange     '3.44.0',
29 silly addNameRange     '3.44.1',
29 silly addNameRange     '3.44.2',
29 silly addNameRange     '3.45.0',
29 silly addNameRange     '3.46.0',
29 silly addNameRange     '3.46.1',
29 silly addNameRange     '4.0.0',
29 silly addNameRange     '4.1.0',
29 silly addNameRange     '4.1.1',
29 silly addNameRange     '4.1.2',
29 silly addNameRange     '4.1.3',
29 silly addNameRange     '4.1.4',
29 silly addNameRange     '4.1.5',
29 silly addNameRange     '4.1.6',
29 silly addNameRange     '4.1.7',
29 silly addNameRange     '4.1.8',
29 silly addNameRange     '4.1.9',
29 silly addNameRange     '4.1.10',
29 silly addNameRange     '4.1.11',
29 silly addNameRange     '4.2.0',
29 silly addNameRange     '4.2.1',
29 silly addNameRange     '4.2.2',
29 silly addNameRange     '4.2.3',
29 silly addNameRange     '5.0.0',
29 silly addNameRange     '5.0.1',
29 silly addNameRange     '5.0.2',
29 silly addNameRange     '5.0.3',
29 silly addNameRange     '5.0.4',
29 silly addNameRange     '5.0.5',
29 silly addNameRange     '5.0.6',
29 silly addNameRange     '5.0.7',
29 silly addNameRange     '5.0.8',
29 silly addNameRange     '5.1.0',
29 silly addNameRange     '5.1.1',
29 silly addNameRange     '5.2.0',
29 silly addNameRange     '5.2.1',
29 silly addNameRange     '5.3.0',
29 silly addNameRange     '5.4.0',
29 silly addNameRange     '5.4.1',
29 silly addNameRange     '5.4.2',
29 silly addNameRange     '5.5.0',
29 silly addNameRange     '5.6.0',
29 silly addNameRange     '5.6.1',
29 silly addNameRange     '5.7.0',
29 silly addNameRange     '5.8.0',
29 silly addNameRange     '5.9.0',
29 silly addNameRange     '5.9.1',
29 silly addNameRange     '5.9.2',
29 silly addNameRange     '5.9.3',
29 silly addNameRange     '5.10.0' ] ]
30 verbose addNamed [ 'browserify', '5.10.0' ]
31 verbose addNamed [ '5.10.0', '5.10.0' ]
32 silly lockFile e5572b44-browserify-5-10-0 browserify@5.10.0
33 verbose lock browserify@5.10.0 /home/slshome/.npm/e5572b44-browserify-5-10-0.lock
34 silly lockFile 26b4c225-browserify-browserify-5-10-0-tgz https://registry.npmjs.org/browserify/-/browserify-5.10.0.tgz
35 verbose lock https://registry.npmjs.org/browserify/-/browserify-5.10.0.tgz /home/slshome/.npm/26b4c225-browserify-browserify-5-10-0-tgz.lock
36 verbose addRemoteTarball [ 'https://registry.npmjs.org/browserify/-/browserify-5.10.0.tgz',
36 verbose addRemoteTarball   '346a76816f25d205c097a53e50da8136527bed84' ]
37 info retry fetch attempt 1 at 00:22:23
38 verbose fetch to= /tmp/npm-14176-YLokyZcC/registry.npmjs.org/browserify/-/browserify-5.10.0.tgz
39 http GET https://registry.npmjs.org/browserify/-/browserify-5.10.0.tgz
40 http 200 https://registry.npmjs.org/browserify/-/browserify-5.10.0.tgz
41 silly lockFile 26b4c225-browserify-browserify-5-10-0-tgz https://registry.npmjs.org/browserify/-/browserify-5.10.0.tgz
42 silly lockFile 26b4c225-browserify-browserify-5-10-0-tgz https://registry.npmjs.org/browserify/-/browserify-5.10.0.tgz
43 silly lockFile e5572b44-browserify-5-10-0 browserify@5.10.0
44 silly lockFile e5572b44-browserify-5-10-0 browserify@5.10.0
45 silly lockFile 80140245-browserify browserify@
46 silly lockFile 80140245-browserify browserify@
47 silly resolved [ { name: 'browserify',
47 silly resolved     version: '5.10.0',
47 silly resolved     description: 'browser-side require() the node way',
47 silly resolved     main: 'index.js',
47 silly resolved     bin: { browserify: 'bin/cmd.js' },
47 silly resolved     repository:
47 silly resolved      { type: 'git',
47 silly resolved        url: 'http://github.com/substack/node-browserify.git' },
47 silly resolved     keywords:
47 silly resolved      [ 'browser',
47 silly resolved        'require',
47 silly resolved        'commonjs',
47 silly resolved        'commonj-esque',
47 silly resolved        'bundle',
47 silly resolved        'npm',
47 silly resolved        'javascript' ],
47 silly resolved     dependencies:
47 silly resolved      { JSONStream: '~0.8.3',
47 silly resolved        assert: '~1.1.0',
47 silly resolved        'browser-pack': '^3.0.0',
47 silly resolved        'browser-resolve': '^1.3.0',
47 silly resolved        'browserify-zlib': '~0.1.2',
47 silly resolved        buffer: '^2.3.0',
47 silly resolved        builtins: '~0.0.3',
47 silly resolved        commondir: '0.0.1',
47 silly resolved        'concat-stream': '~1.4.1',
47 silly resolved        'console-browserify': '^1.1.0',
47 silly resolved        'constants-browserify': '~0.0.1',
47 silly resolved        'crypto-browserify': '^3.0.0',
47 silly resolved        'deep-equal': '~0.2.1',
47 silly resolved        defined: '~0.0.0',
47 silly resolved        'deps-sort': '^1.3.5',
47 silly resolved        'domain-browser': '~1.1.0',
47 silly resolved        duplexer2: '~0.0.2',
47 silly resolved        events: '~1.0.0',
47 silly resolved        glob: '~3.2.8',
47 silly resolved        'http-browserify': '^1.4.0',
47 silly resolved        'https-browserify': '~0.0.0',
47 silly resolved        inherits: '~2.0.1',
47 silly resolved        'insert-module-globals': '^6.1.0',
47 silly resolved        isarray: '0.0.1',
47 silly resolved        'labeled-stream-splicer': '^1.0.0',
47 silly resolved        'module-deps': '^3.5.0',
47 silly resolved        'os-browserify': '~0.1.1',
47 silly resolved        parents: '~0.0.1',
47 silly resolved        'path-browserify': '~0.0.0',
47 silly resolved        process: '^0.7.0',
47 silly resolved        punycode: '~1.2.3',
47 silly resolved        'querystring-es3': '~0.2.0',
47 silly resolved        'readable-stream': '^1.0.27-1',
47 silly resolved        resolve: '~0.7.1',
47 silly resolved        'shallow-copy': '0.0.1',
47 silly resolved        shasum: '^1.0.0',
47 silly resolved        'shell-quote': '~0.0.1',
47 silly resolved        'stream-browserify': '^1.0.0',
47 silly resolved        'stream-combiner': '~0.0.2',
47 silly resolved        string_decoder: '~0.0.0',
47 silly resolved        subarg: '0.0.1',
47 silly resolved        'syntax-error': '^1.1.1',
47 silly resolved        through2: '^1.0.0',
47 silly resolved        'timers-browserify': '^1.0.1',
47 silly resolved        'tty-browserify': '~0.0.0',
47 silly resolved        umd: '~2.1.0',
47 silly resolved        url: '~0.10.1',
47 silly resolved        util: '~0.10.1',
47 silly resolved        'vm-browserify': '~0.0.1',
47 silly resolved        xtend: '^3.0.0' },
47 silly resolved     devDependencies:
47 silly resolved      { backbone: '~0.9.2',
47 silly resolved        'browser-unpack': '~0.0.0',
47 silly resolved        'coffee-script': '~1.5.0',
47 silly resolved        coffeeify: '~0.6.0',
47 silly resolved        dnode: '~1.0.3',
47 silly resolved        es6ify: '~0.4.8',
47 silly resolved        mkdirp: '~0.3.3',
47 silly resolved        seq: '0.3.3',
47 silly resolved        tap: '~0.4.0',
47 silly resolved        through: '^2.3.4' },
47 silly resolved     author:
47 silly resolved      { name: 'James Halliday',
47 silly resolved        email: 'mail@substack.net',
47 silly resolved        url: 'http://substack.net' },
47 silly resolved     scripts: { test: 'tap test/*.js' },
47 silly resolved     license: 'MIT',
47 silly resolved     gitHead: 'c21718c99c86b0836de7f6843626a91eddb26298',
47 silly resolved     bugs: { url: 'https://github.com/substack/node-browserify/issues' },
47 silly resolved     homepage: 'https://github.com/substack/node-browserify',
47 silly resolved     _id: 'browserify@5.10.0',
47 silly resolved     _shasum: '346a76816f25d205c097a53e50da8136527bed84',
47 silly resolved     _from: 'browserify@',
47 silly resolved     _npmVersion: '1.4.23',
47 silly resolved     _npmUser: { name: 'substack', email: 'mail@substack.net' },
47 silly resolved     maintainers: [ [Object] ],
47 silly resolved     dist:
47 silly resolved      { shasum: '346a76816f25d205c097a53e50da8136527bed84',
47 silly resolved        tarball: 'http://registry.npmjs.org/browserify/-/browserify-5.10.0.tgz' },
47 silly resolved     directories: {},
47 silly resolved     _resolved: 'https://registry.npmjs.org/browserify/-/browserify-5.10.0.tgz' } ]
48 info install browserify@5.10.0 into /usr/lib
49 info installOne browserify@5.10.0
50 verbose lib/node_modules/browserify unbuild
51 verbose tar unpack /home/slshome/.npm/browserify/5.10.0/package.tgz
52 silly lockFile f2d2c9e5--usr-lib-node-modules-browserify tar:///usr/lib/node_modules/browserify
53 verbose lock tar:///usr/lib/node_modules/browserify /home/slshome/.npm/f2d2c9e5--usr-lib-node-modules-browserify.lock
54 silly lockFile a3750911-pm-browserify-5-10-0-package-tgz tar:///home/slshome/.npm/browserify/5.10.0/package.tgz
55 verbose lock tar:///home/slshome/.npm/browserify/5.10.0/package.tgz /home/slshome/.npm/a3750911-pm-browserify-5-10-0-package-tgz.lock
56 silly gunzTarPerm modes [ '775', '664' ]
57 error Error: EACCES, mkdir '/usr/lib/node_modules/browserify'
57 error  { [Error: EACCES, mkdir '/usr/lib/node_modules/browserify']
57 error   errno: 3,
57 error   code: 'EACCES',
57 error   path: '/usr/lib/node_modules/browserify',
57 error   fstream_type: 'Directory',
57 error   fstream_path: '/usr/lib/node_modules/browserify',
57 error   fstream_class: 'DirWriter',
57 error   fstream_stack:
57 error    [ '/usr/lib/node_modules/npm/node_modules/fstream/lib/dir-writer.js:36:23',
57 error      '/usr/lib/node_modules/npm/node_modules/mkdirp/index.js:37:53',
57 error      'Object.oncomplete (fs.js:107:15)' ] }
58 error Please try running this command again as root/Administrator.
59 error System Linux 3.13.0-34-generic
60 error command "/usr/bin/node" "/usr/bin/npm" "install" "-g" "browserify"
61 error cwd /home/slshome/Work/GameDev/MyGame/Servers/HEROgs
62 error node -v v0.10.30
63 error npm -v 1.4.21
64 error path /usr/lib/node_modules/browserify
65 error fstream_path /usr/lib/node_modules/browserify
66 error fstream_type Directory
67 error fstream_class DirWriter
68 error code EACCES
69 error errno 3
70 error stack Error: EACCES, mkdir '/usr/lib/node_modules/browserify'
71 error fstream_stack /usr/lib/node_modules/npm/node_modules/fstream/lib/dir-writer.js:36:23
71 error fstream_stack /usr/lib/node_modules/npm/node_modules/mkdirp/index.js:37:53
71 error fstream_stack Object.oncomplete (fs.js:107:15)
72 verbose exit [ 3, true ]
